<?xml version="1.0" encoding="UTF-8"?>
<testng-results ignored="0" total="4" passed="3" failed="1" skipped="0">
  <reporter-output>
  </reporter-output>
  <suite started-at="2025-08-28T11:25:01 IST" name="Parabank Capstone Suite" finished-at="2025-08-28T11:26:04 IST" duration-ms="63044">
    <groups>
    </groups>
    <test started-at="2025-08-28T11:25:01 IST" name="Parabank Tests" finished-at="2025-08-28T11:26:04 IST" duration-ms="63044">
      <class name="com.capstone.tests.TransactionTests">
        <test-method is-config="true" signature="setUp()[pri:0, instance:com.capstone.tests.TransactionTests@6f45df59]" started-at="2025-08-28T11:25:56 IST" name="setUp" finished-at="2025-08-28T11:25:57 IST" duration-ms="1109" status="PASS">
          <reporter-output>
          </reporter-output>
        </test-method> <!-- setUp -->
        <test-method signature="transactionHistory()[pri:0, instance:com.capstone.tests.TransactionTests@6f45df59]" started-at="2025-08-28T11:25:57 IST" name="transactionHistory" finished-at="2025-08-28T11:26:04 IST" duration-ms="6578" status="PASS">
          <reporter-output>
          </reporter-output>
        </test-method> <!-- transactionHistory -->
        <test-method is-config="true" signature="tearDown()[pri:0, instance:com.capstone.tests.TransactionTests@6f45df59]" started-at="2025-08-28T11:26:04 IST" name="tearDown" finished-at="2025-08-28T11:26:04 IST" duration-ms="320" status="PASS">
          <reporter-output>
          </reporter-output>
        </test-method> <!-- tearDown -->
      </class> <!-- com.capstone.tests.TransactionTests -->
      <class name="com.capstone.tests.TransferTests">
        <test-method is-config="true" signature="setUp()[pri:0, instance:com.capstone.tests.TransferTests@58ea606c]" started-at="2025-08-28T11:25:31 IST" name="setUp" finished-at="2025-08-28T11:25:32 IST" duration-ms="977" status="PASS">
          <reporter-output>
          </reporter-output>
        </test-method> <!-- setUp -->
        <test-method signature="transferFlow()[pri:0, instance:com.capstone.tests.TransferTests@58ea606c]" started-at="2025-08-28T11:25:32 IST" name="transferFlow" finished-at="2025-08-28T11:25:56 IST" duration-ms="23390" status="FAIL">
          <exception class="java.lang.AssertionError">
            <message>
              <![CDATA[Transfer should complete expected [true] but found [false]]]>
            </message>
            <full-stacktrace>
              <![CDATA[java.lang.AssertionError: Transfer should complete expected [true] but found [false]
at org.testng.Assert.fail(Assert.java:111)
at org.testng.Assert.failNotEquals(Assert.java:1578)
at org.testng.Assert.assertTrue(Assert.java:57)
at com.capstone.tests.TransferTests.transferFlow(TransferTests.java:17)
at java.base/jdk.internal.reflect.DirectMethodHandleAccessor.invoke(DirectMethodHandleAccessor.java:103)
at java.base/java.lang.reflect.Method.invoke(Method.java:580)
at org.testng.internal.invokers.MethodInvocationHelper.invokeMethod(MethodInvocationHelper.java:141)
at org.testng.internal.invokers.TestInvoker.invokeMethod(TestInvoker.java:686)
at org.testng.internal.invokers.TestInvoker.invokeTestMethod(TestInvoker.java:230)
at org.testng.internal.invokers.MethodRunner.runInSequence(MethodRunner.java:63)
at org.testng.internal.invokers.TestInvoker$MethodInvocationAgent.invoke(TestInvoker.java:992)
at org.testng.internal.invokers.TestInvoker.invokeTestMethods(TestInvoker.java:203)
at org.testng.internal.invokers.TestMethodWorker.invokeTestMethods(TestMethodWorker.java:154)
at org.testng.internal.invokers.TestMethodWorker.run(TestMethodWorker.java:134)
at java.base/java.util.ArrayList.forEach(ArrayList.java:1596)
at org.testng.TestRunner.privateRun(TestRunner.java:739)
at org.testng.TestRunner.run(TestRunner.java:614)
at org.testng.SuiteRunner.runTest(SuiteRunner.java:421)
at org.testng.SuiteRunner.runSequentially(SuiteRunner.java:413)
at org.testng.SuiteRunner.privateRun(SuiteRunner.java:373)
at org.testng.SuiteRunner.run(SuiteRunner.java:312)
at org.testng.SuiteRunnerWorker.runSuite(SuiteRunnerWorker.java:52)
at org.testng.SuiteRunnerWorker.run(SuiteRunnerWorker.java:95)
at org.testng.TestNG.runSuitesSequentially(TestNG.java:1274)
at org.testng.TestNG.runSuitesLocally(TestNG.java:1208)
at org.testng.TestNG.runSuites(TestNG.java:1112)
at org.testng.TestNG.run(TestNG.java:1079)
at org.testng.remote.AbstractRemoteTestNG.run(AbstractRemoteTestNG.java:115)
at org.testng.remote.RemoteTestNG.initAndRun(RemoteTestNG.java:293)
at org.testng.remote.RemoteTestNG.main(RemoteTestNG.java:91)
]]>
            </full-stacktrace>
          </exception> <!-- java.lang.AssertionError -->
          <reporter-output>
          </reporter-output>
        </test-method> <!-- transferFlow -->
        <test-method is-config="true" signature="tearDown()[pri:0, instance:com.capstone.tests.TransferTests@58ea606c]" started-at="2025-08-28T11:25:56 IST" name="tearDown" finished-at="2025-08-28T11:25:56 IST" duration-ms="342" status="PASS">
          <reporter-output>
          </reporter-output>
        </test-method> <!-- tearDown -->
      </class> <!-- com.capstone.tests.TransferTests -->
      <class name="com.capstone.tests.LoginTests">
        <test-method is-config="true" signature="beforeSuite()[pri:0, instance:com.capstone.tests.LoginTests@158a8276]" started-at="2025-08-28T11:25:01 IST" name="beforeSuite" finished-at="2025-08-28T11:25:01 IST" duration-ms="398" status="PASS">
          <reporter-output>
          </reporter-output>
        </test-method> <!-- beforeSuite -->
        <test-method is-config="true" signature="setUp()[pri:0, instance:com.capstone.tests.LoginTests@158a8276]" started-at="2025-08-28T11:25:03 IST" name="setUp" finished-at="2025-08-28T11:25:05 IST" duration-ms="2588" status="PASS">
          <reporter-output>
          </reporter-output>
        </test-method> <!-- setUp -->
        <test-method signature="loginTest(java.lang.Object,java.lang.Object,java.lang.Object)[pri:0, instance:com.capstone.tests.LoginTests@158a8276]" started-at="2025-08-28T11:25:05 IST" name="loginTest" data-provider="logins" finished-at="2025-08-28T11:25:10 IST" duration-ms="4750" status="PASS">
          <params>
            <param index="0">
              <value>
                <![CDATA[john]]>
              </value>
            </param>
            <param index="1">
              <value>
                <![CDATA[demo]]>
              </value>
            </param>
            <param index="2">
              <value>
                <![CDATA[pass]]>
              </value>
            </param>
          </params>
          <reporter-output>
          </reporter-output>
        </test-method> <!-- loginTest -->
        <test-method is-config="true" signature="tearDown()[pri:0, instance:com.capstone.tests.LoginTests@158a8276]" started-at="2025-08-28T11:25:10 IST" name="tearDown" finished-at="2025-08-28T11:25:10 IST" duration-ms="282" status="PASS">
          <reporter-output>
          </reporter-output>
        </test-method> <!-- tearDown -->
        <test-method is-config="true" signature="setUp()[pri:0, instance:com.capstone.tests.LoginTests@158a8276]" started-at="2025-08-28T11:25:10 IST" name="setUp" finished-at="2025-08-28T11:25:11 IST" duration-ms="906" status="PASS">
          <reporter-output>
          </reporter-output>
        </test-method> <!-- setUp -->
        <test-method signature="loginTest(java.lang.Object,java.lang.Object,java.lang.Object)[pri:0, instance:com.capstone.tests.LoginTests@158a8276]" started-at="2025-08-28T11:25:11 IST" name="loginTest" data-provider="logins" finished-at="2025-08-28T11:25:31 IST" duration-ms="19890" status="PASS">
          <params>
            <param index="0">
              <value>
                <![CDATA[invalid_user]]>
              </value>
            </param>
            <param index="1">
              <value>
                <![CDATA[wrongpass]]>
              </value>
            </param>
            <param index="2">
              <value>
                <![CDATA[fail]]>
              </value>
            </param>
          </params>
          <reporter-output>
          </reporter-output>
        </test-method> <!-- loginTest -->
        <test-method is-config="true" signature="tearDown()[pri:0, instance:com.capstone.tests.LoginTests@158a8276]" started-at="2025-08-28T11:25:31 IST" name="tearDown" finished-at="2025-08-28T11:25:31 IST" duration-ms="282" status="PASS">
          <reporter-output>
          </reporter-output>
        </test-method> <!-- tearDown -->
        <test-method is-config="true" signature="afterSuite()[pri:0, instance:com.capstone.tests.LoginTests@158a8276]" started-at="2025-08-28T11:26:04 IST" name="afterSuite" finished-at="2025-08-28T11:26:05 IST" duration-ms="506" status="PASS">
          <reporter-output>
          </reporter-output>
        </test-method> <!-- afterSuite -->
      </class> <!-- com.capstone.tests.LoginTests -->
    </test> <!-- Parabank Tests -->
  </suite> <!-- Parabank Capstone Suite -->
</testng-results>
